<?xml version="1.0" encoding="UTF-8"?>
<testng-results ignored="0" total="6" passed="6" failed="0" skipped="0">
  <reporter-output>
  </reporter-output>
  <suite started-at="2021-07-27T04:33:42 GMT" name="podium-suite" finished-at="2021-07-27T04:37:33 GMT" duration-ms="231217">
    <groups>
    </groups>
    <test started-at="2021-07-27T04:33:42 GMT" name="TC_VerifyContact" finished-at="2021-07-27T04:34:21 GMT" duration-ms="39557">
      <class name="tests.TC_VerifyContact">
        <test-method is-config="true" signature="setUp()[pri:0, instance:tests.TC_VerifyContact@5e403b4a]" started-at="2021-07-27T04:33:42 GMT" name="setUp" finished-at="2021-07-27T04:33:57 GMT" duration-ms="15192" status="PASS">
          <reporter-output>
          </reporter-output>
        </test-method> <!-- setUp -->
        <test-method signature="verifyContactForm()[pri:0, instance:tests.TC_VerifyContact@5e403b4a]" started-at="2021-07-27T04:33:57 GMT" name="verifyContactForm" finished-at="2021-07-27T04:34:21 GMT" duration-ms="24085" status="PASS">
          <reporter-output>
          </reporter-output>
        </test-method> <!-- verifyContactForm -->
        <test-method is-config="true" signature="tearDown()[pri:0, instance:tests.TC_VerifyContact@5e403b4a]" started-at="2021-07-27T04:34:21 GMT" name="tearDown" finished-at="2021-07-27T04:34:21 GMT" duration-ms="184" status="PASS">
          <reporter-output>
          </reporter-output>
        </test-method> <!-- tearDown -->
      </class> <!-- tests.TC_VerifyContact -->
    </test> <!-- TC_VerifyContact -->
    <test started-at="2021-07-27T04:34:21 GMT" name="TC_VerifyLinks" finished-at="2021-07-27T04:36:20 GMT" duration-ms="118469">
      <class name="tests.TC_VerifyLinks">
        <test-method is-config="true" signature="setUp()[pri:0, instance:tests.TC_VerifyLinks@53251a66]" started-at="2021-07-27T04:34:21 GMT" name="setUp" finished-at="2021-07-27T04:34:37 GMT" duration-ms="15433" status="PASS">
          <reporter-output>
          </reporter-output>
        </test-method> <!-- setUp -->
        <test-method signature="verifyLinks()[pri:0, instance:tests.TC_VerifyLinks@53251a66]" started-at="2021-07-27T04:34:37 GMT" name="verifyLinks" finished-at="2021-07-27T04:36:20 GMT" duration-ms="102905" status="PASS">
          <reporter-output>
          </reporter-output>
        </test-method> <!-- verifyLinks -->
        <test-method is-config="true" signature="tearDown()[pri:0, instance:tests.TC_VerifyLinks@53251a66]" started-at="2021-07-27T04:36:20 GMT" name="tearDown" finished-at="2021-07-27T04:36:20 GMT" duration-ms="129" status="PASS">
          <reporter-output>
          </reporter-output>
        </test-method> <!-- tearDown -->
      </class> <!-- tests.TC_VerifyLinks -->
    </test> <!-- TC_VerifyLinks -->
    <test started-at="2021-07-27T04:36:20 GMT" name="TC_VerifyDemoPage" finished-at="2021-07-27T04:36:41 GMT" duration-ms="21230">
      <class name="tests.TC_VerifyDemoPage">
        <test-method is-config="true" signature="setUp()[pri:0, instance:tests.TC_VerifyDemoPage@7d898981]" started-at="2021-07-27T04:36:20 GMT" name="setUp" finished-at="2021-07-27T04:36:30 GMT" duration-ms="10674" status="PASS">
          <reporter-output>
          </reporter-output>
        </test-method> <!-- setUp -->
        <test-method signature="verifyDemo()[pri:0, instance:tests.TC_VerifyDemoPage@7d898981]" started-at="2021-07-27T04:36:30 GMT" name="verifyDemo" finished-at="2021-07-27T04:36:41 GMT" duration-ms="10221" status="PASS">
          <reporter-output>
          </reporter-output>
        </test-method> <!-- verifyDemo -->
        <test-method is-config="true" signature="tearDown()[pri:0, instance:tests.TC_VerifyDemoPage@7d898981]" started-at="2021-07-27T04:36:41 GMT" name="tearDown" finished-at="2021-07-27T04:36:41 GMT" duration-ms="332" status="PASS">
          <reporter-output>
          </reporter-output>
        </test-method> <!-- tearDown -->
      </class> <!-- tests.TC_VerifyDemoPage -->
    </test> <!-- TC_VerifyDemoPage -->
    <test started-at="2021-07-27T04:36:41 GMT" name="tests.TC_VerifyLoginPage" finished-at="2021-07-27T04:37:01 GMT" duration-ms="20241">
      <class name="tests.TC_VerifyLoginPage">
        <test-method is-config="true" signature="setUp()[pri:0, instance:tests.TC_VerifyLoginPage@176b75f7]" started-at="2021-07-27T04:36:41 GMT" name="setUp" finished-at="2021-07-27T04:36:55 GMT" duration-ms="14052" status="PASS">
          <reporter-output>
          </reporter-output>
        </test-method> <!-- setUp -->
        <test-method signature="verifyLogin()[pri:0, instance:tests.TC_VerifyLoginPage@176b75f7]" started-at="2021-07-27T04:36:55 GMT" name="verifyLogin" finished-at="2021-07-27T04:37:01 GMT" duration-ms="6068" status="PASS">
          <reporter-output>
          </reporter-output>
        </test-method> <!-- verifyLogin -->
        <test-method is-config="true" signature="tearDown()[pri:0, instance:tests.TC_VerifyLoginPage@176b75f7]" started-at="2021-07-27T04:37:01 GMT" name="tearDown" finished-at="2021-07-27T04:37:01 GMT" duration-ms="119" status="PASS">
          <reporter-output>
          </reporter-output>
        </test-method> <!-- tearDown -->
      </class> <!-- tests.TC_VerifyLoginPage -->
    </test> <!-- tests.TC_VerifyLoginPage -->
    <test started-at="2021-07-27T04:37:01 GMT" name="TC_VerifyPricingPage" finished-at="2021-07-27T04:37:20 GMT" duration-ms="18387">
      <class name="tests.TC_VerifyPricingPage">
        <test-method is-config="true" signature="setUp()[pri:0, instance:tests.TC_VerifyPricingPage@71e693fa]" started-at="2021-07-27T04:37:01 GMT" name="setUp" finished-at="2021-07-27T04:37:15 GMT" duration-ms="13449" status="PASS">
          <reporter-output>
          </reporter-output>
        </test-method> <!-- setUp -->
        <test-method signature="verifyPricingPage()[pri:0, instance:tests.TC_VerifyPricingPage@71e693fa]" started-at="2021-07-27T04:37:15 GMT" name="verifyPricingPage" finished-at="2021-07-27T04:37:20 GMT" duration-ms="4765" status="PASS">
          <reporter-output>
          </reporter-output>
        </test-method> <!-- verifyPricingPage -->
        <test-method is-config="true" signature="tearDown()[pri:0, instance:tests.TC_VerifyPricingPage@71e693fa]" started-at="2021-07-27T04:37:20 GMT" name="tearDown" finished-at="2021-07-27T04:37:20 GMT" duration-ms="171" status="PASS">
          <reporter-output>
          </reporter-output>
        </test-method> <!-- tearDown -->
      </class> <!-- tests.TC_VerifyPricingPage -->
    </test> <!-- TC_VerifyPricingPage -->
    <test started-at="2021-07-27T04:37:20 GMT" name="TC_VerifyTitle" finished-at="2021-07-27T04:37:33 GMT" duration-ms="12878">
      <class name="tests.TC_VerifyTitle">
        <test-method is-config="true" signature="setUp()[pri:0, instance:tests.TC_VerifyTitle@44c73c26]" started-at="2021-07-27T04:37:20 GMT" name="setUp" finished-at="2021-07-27T04:37:33 GMT" duration-ms="12668" status="PASS">
          <reporter-output>
          </reporter-output>
        </test-method> <!-- setUp -->
        <test-method signature="verifyTitle()[pri:0, instance:tests.TC_VerifyTitle@44c73c26]" started-at="2021-07-27T04:37:33 GMT" name="verifyTitle" finished-at="2021-07-27T04:37:33 GMT" duration-ms="37" status="PASS">
          <reporter-output>
          </reporter-output>
        </test-method> <!-- verifyTitle -->
        <test-method is-config="true" signature="tearDown()[pri:0, instance:tests.TC_VerifyTitle@44c73c26]" started-at="2021-07-27T04:37:33 GMT" name="tearDown" finished-at="2021-07-27T04:37:33 GMT" duration-ms="171" status="PASS">
          <reporter-output>
          </reporter-output>
        </test-method> <!-- tearDown -->
      </class> <!-- tests.TC_VerifyTitle -->
    </test> <!-- TC_VerifyTitle -->
  </suite> <!-- podium-suite -->
</testng-results>
